Flutter crash report.
Please report a bug at https://github.com/flutter/flutter/issues.

## command

flutter run -d chrome

## exception

PathNotFoundException: PathNotFoundException: Cannot open file, path = '/Users/batyrrasulov/Flutter Projects/my_app/gcuconnect/build/flutter_assets/images/AcademicGCU_267.png' (OS Error: No such file or directory, errno = 2)

```
#0      _File.throwIfError (dart:io/file_impl.dart:675:7)
#1      _File.openSync (dart:io/file_impl.dart:490:5)
#2      ForwardingFile.openSync (package:file/src/forwarding/forwarding_file.dart:74:16)
#3      ErrorHandlingFile.copySync.<anonymous closure> (package:flutter_tools/src/base/error_handling_io.dart:312:22)
#4      _runSync (package:flutter_tools/src/base/error_handling_io.dart:590:14)
#5      ErrorHandlingFile.copySync (package:flutter_tools/src/base/error_handling_io.dart:311:5)
#6      writeBundle.<anonymous closure> (package:flutter_tools/src/bundle_builder.dart:199:19)
<asynchronous suspension>
#7      Future.wait.<anonymous closure> (dart:async/future.dart:525:21)
<asynchronous suspension>
#8      writeBundle (package:flutter_tools/src/bundle_builder.dart:164:3)
<asynchronous suspension>
#9      WebDevFS.update (package:flutter_tools/src/isolated/devfs_web.dart:871:9)
<asynchronous suspension>
#10     ResidentWebRunner._updateDevFS (package:flutter_tools/src/isolated/resident_web_runner.dart:522:35)
<asynchronous suspension>
#11     ResidentWebRunner.run.<anonymous closure> (package:flutter_tools/src/isolated/resident_web_runner.dart:308:41)
<asynchronous suspension>
#12     asyncGuard.<anonymous closure> (package:flutter_tools/src/base/async_guard.dart:111:24)
<asynchronous suspension>
```

## flutter doctor

```
[32m[✓][39m Flutter (Channel stable, 3.13.8, on macOS 14.4.1
    23E224 darwin-arm64, locale en-US)
    [32m•[39m Flutter version 3.13.8 on channel stable at
      /Users/batyrrasulov/flutter
    [32m•[39m Upstream repository
      https://github.com/flutter/flutter.git
    [32m•[39m Framework revision 6c4930c4ac (5 months ago),
      2023-10-18 10:57:55 -0500
    [32m•[39m Engine revision 767d8c75e8
    [32m•[39m Dart version 3.1.4
    [32m•[39m DevTools version 2.25.0

[32m[✓][39m Android toolchain - develop for Android devices
    (Android SDK version 34.0.0)
    [32m•[39m Android SDK at
      /Users/batyrrasulov/Library/Android/sdk
    [32m•[39m Platform android-34, build-tools 34.0.0
    [32m•[39m Java binary at: /Applications/Android
      Studio.app/Contents/jbr/Contents/Home/bin/java
    [32m•[39m Java version OpenJDK Runtime Environment (build
      17.0.6+0-17.0.6b829.9-10027231)
    [32m•[39m All Android licenses accepted.

[32m[✓][39m Xcode - develop for iOS and macOS (Xcode 15.3)
    [32m•[39m Xcode at
      /Applications/Xcode.app/Contents/Developer
    [32m•[39m Build 15E204a
    [32m•[39m CocoaPods version 1.13.0

[32m[✓][39m Chrome - develop for the web
    [32m•[39m Chrome at /Applications/Google
      Chrome.app/Contents/MacOS/Google Chrome

[32m[✓][39m Android Studio (version 2022.3)
    [32m•[39m Android Studio at /Applications/Android
      Studio.app/Contents
    [32m•[39m Flutter plugin can be installed from:
      🔨
      https://plugins.jetbrains.com/plugin/9212-flutte
      r
    [32m•[39m Dart plugin can be installed from:
      🔨
      https://plugins.jetbrains.com/plugin/6351-dart
    [32m•[39m Java version OpenJDK Runtime Environment (build
      17.0.6+0-17.0.6b829.9-10027231)

[32m[✓][39m VS Code (version 1.87.2)
    [32m•[39m VS Code at /Applications/Visual Studio
      Code.app/Contents
    [32m•[39m Flutter extension version 3.84.0

[32m[✓][39m Connected device (2 available)
    [32m•[39m macOS (desktop) • macos  • darwin-arm64   •
      macOS 14.4.1 23E224 darwin-arm64
    [32m•[39m Chrome (web)    • chrome • web-javascript •
      Google Chrome 122.0.6261.94

[32m[✓][39m Network resources
    [32m•[39m All expected network resources are available.

[32m•[39m No issues found!
```
